  [4;36;1mSQL (0.2ms)[0m   [0;1mSET NAMES 'utf8'[0m
  [4;35;1mSQL (0.1ms)[0m   [0mSET SQL_AUTO_IS_NULL=0[0m
  [4;36;1mSQL (0.3ms)[0m   [0;1mSHOW TABLES[0m
  [4;35;1mSQL (0.3ms)[0m   [0mSHOW TABLES[0m
  [4;36;1mSQL (60.3ms)[0m   [0;1mCREATE TABLE `schema_migrations` (`version` varchar(255) NOT NULL) ENGINE=InnoDB[0m
  [4;35;1mSQL (0.5ms)[0m   [0mSHOW KEYS FROM `schema_migrations`[0m
  [4;36;1mSQL (189.0ms)[0m   [0;1mCREATE UNIQUE INDEX `unique_schema_migrations` ON `schema_migrations` (`version`)[0m
  [4;35;1mSQL (0.4ms)[0m   [0mSHOW TABLES[0m
  [4;36;1mSQL (0.3ms)[0m   [0;1mSELECT version FROM schema_migrations[0m
Migrating to CreateSessions (20100423144517)
  [4;35;1mSQL (115.3ms)[0m   [0mCREATE TABLE `sessions` (`id` int(11) DEFAULT NULL auto_increment PRIMARY KEY, `session_id` varchar(255) NOT NULL, `data` text, `created_at` datetime, `updated_at` datetime) ENGINE=InnoDB[0m
  [4;36;1mSQL (0.5ms)[0m   [0;1mSHOW KEYS FROM `sessions`[0m
  [4;35;1mSQL (89.7ms)[0m   [0mCREATE INDEX `index_sessions_on_session_id` ON `sessions` (`session_id`)[0m
  [4;36;1mSQL (0.5ms)[0m   [0;1mSHOW KEYS FROM `sessions`[0m
  [4;35;1mSQL (77.7ms)[0m   [0mCREATE INDEX `index_sessions_on_updated_at` ON `sessions` (`updated_at`)[0m
  [4;36;1mSQL (0.6ms)[0m   [0;1mINSERT INTO schema_migrations (version) VALUES ('20100423144517')[0m
Migrating to AddApplicationTables (20100424050410)
  [4;35;1mSQL (81.4ms)[0m   [0mCREATE TABLE `address_types` (`id` int(11) DEFAULT NULL auto_increment PRIMARY KEY, `name` varchar(15), `created_at` datetime, `updated_at` datetime) ENGINE=InnoDB[0m
  [4;36;1mSQL (0.5ms)[0m   [0;1mSHOW KEYS FROM `address_types`[0m
  [4;35;1mSQL (59.4ms)[0m   [0mCREATE UNIQUE INDEX `index_address_types_on_name` ON `address_types` (`name`)[0m
  [4;36;1mSQL (86.6ms)[0m   [0;1mCREATE TABLE `email_types` (`id` int(11) DEFAULT NULL auto_increment PRIMARY KEY, `name` varchar(15), `created_at` datetime, `updated_at` datetime) ENGINE=InnoDB[0m
  [4;35;1mSQL (0.5ms)[0m   [0mSHOW KEYS FROM `email_types`[0m
  [4;36;1mSQL (90.5ms)[0m   [0;1mCREATE UNIQUE INDEX `index_email_types_on_name` ON `email_types` (`name`)[0m
  [4;35;1mSQL (85.7ms)[0m   [0mCREATE TABLE `phone_types` (`id` int(11) DEFAULT NULL auto_increment PRIMARY KEY, `name` varchar(15), `created_at` datetime, `updated_at` datetime) ENGINE=InnoDB[0m
  [4;36;1mSQL (0.5ms)[0m   [0;1mSHOW KEYS FROM `phone_types`[0m
  [4;35;1mSQL (136.0ms)[0m   [0mCREATE UNIQUE INDEX `index_phone_types_on_name` ON `phone_types` (`name`)[0m
  [4;36;1mSQL (119.4ms)[0m   [0;1mCREATE TABLE `persons` (`id` int(11) DEFAULT NULL auto_increment PRIMARY KEY, `person_number` varchar(9), `last_name` varchar(30), `first_name` varchar(30), `gender` varchar(1), `birth_date` date, `created_at` datetime, `updated_at` datetime) ENGINE=InnoDB[0m
  [4;35;1mSQL (0.5ms)[0m   [0mSHOW KEYS FROM `persons`[0m
  [4;36;1mSQL (101.1ms)[0m   [0;1mCREATE UNIQUE INDEX `index_persons_on_person_number` ON `persons` (`person_number`)[0m
  [4;35;1mSQL (0.5ms)[0m   [0mSHOW KEYS FROM `persons`[0m
  [4;36;1mSQL (102.1ms)[0m   [0;1mCREATE INDEX `index_persons_on_last_name_and_first_name` ON `persons` (`last_name`, `first_name`)[0m
  [4;35;1mSQL (107.3ms)[0m   [0mCREATE TABLE `addresses` (`id` int(11) DEFAULT NULL auto_increment PRIMARY KEY, `person_id` int(11) NOT NULL, `address_type_id` int(11) NOT NULL, `street_1` varchar(60), `street_2` varchar(60), `city` varchar(30), `state` varchar(2), `zip_code` varchar(10), `created_at` datetime, `updated_at` datetime) ENGINE=InnoDB[0m
  [4;36;1mSQL (0.5ms)[0m   [0;1mSHOW KEYS FROM `addresses`[0m
  [4;35;1mSQL (92.5ms)[0m   [0mCREATE UNIQUE INDEX `index_addresses_on_person_id_and_address_type_id` ON `addresses` (`person_id`, `address_type_id`)[0m
  [4;36;1mSQL (84.5ms)[0m   [0;1mCREATE TABLE `emails` (`id` int(11) DEFAULT NULL auto_increment PRIMARY KEY, `person_id` int(11) NOT NULL, `email_type_id` int(11) NOT NULL, `name` varchar(60) NOT NULL, `created_at` datetime, `updated_at` datetime) ENGINE=InnoDB[0m
  [4;35;1mSQL (0.5ms)[0m   [0mSHOW KEYS FROM `emails`[0m
  [4;36;1mSQL (311.6ms)[0m   [0;1mCREATE UNIQUE INDEX `index_emails_on_person_id_and_email_type_id` ON `emails` (`person_id`, `email_type_id`)[0m
  [4;35;1mSQL (0.8ms)[0m   [0mSHOW KEYS FROM `emails`[0m
  [4;36;1mSQL (45.6ms)[0m   [0;1mCREATE UNIQUE INDEX `index_emails_on_name` ON `emails` (`name`)[0m
  [4;35;1mSQL (108.9ms)[0m   [0mCREATE TABLE `phones` (`id` int(11) DEFAULT NULL auto_increment PRIMARY KEY, `person_id` int(11) NOT NULL, `phone_type_id` int(11) NOT NULL, `name` varchar(10) NOT NULL, `created_at` datetime, `updated_at` datetime) ENGINE=InnoDB[0m
  [4;36;1mSQL (0.5ms)[0m   [0;1mSHOW KEYS FROM `phones`[0m
  [4;35;1mSQL (111.7ms)[0m   [0mCREATE UNIQUE INDEX `index_phones_on_person_id_and_phone_type_id` ON `phones` (`person_id`, `phone_type_id`)[0m
  [4;36;1mSQL (0.5ms)[0m   [0;1mSHOW KEYS FROM `phones`[0m
  [4;35;1mSQL (101.0ms)[0m   [0mCREATE INDEX `index_phones_on_name` ON `phones` (`name`)[0m
  [4;36;1mSQL (0.7ms)[0m   [0;1mINSERT INTO schema_migrations (version) VALUES ('20100424050410')[0m
Migrating to AddUploaderTables (20100424063749)
  [4;35;1mSQL (0.6ms)[0m   [0mSHOW TABLES[0m
  [4;36;1mSQL (92.0ms)[0m   [0;1mCREATE TABLE `upload_templates` (`id` int(11) DEFAULT NULL auto_increment PRIMARY KEY, `name` varchar(200) NOT NULL, `document` varchar(1000) NOT NULL, `status` varchar(1) DEFAULT '0', `no_errors` int(11), `notes` text, `created_at` datetime, `updated_at` datetime) ENGINE=InnoDB[0m
  [4;35;1mSQL (0.5ms)[0m   [0mSHOW KEYS FROM `upload_templates`[0m
  [4;36;1mSQL (102.2ms)[0m   [0;1mCREATE UNIQUE INDEX `index_upload_templates_on_name` ON `upload_templates` (`name`)[0m
  [4;35;1mSQL (0.6ms)[0m   [0mSHOW TABLES[0m
  [4;36;1mSQL (96.5ms)[0m   [0;1mCREATE TABLE `data_columns` (`id` int(11) DEFAULT NULL auto_increment PRIMARY KEY, `upload_template_id` int(11) NOT NULL, `seq_no` int(11) NOT NULL, `input_column` varchar(100), `app_table` varchar(100), `app_column` varchar(100), `data_type_id` int(11), `data_type_name` varchar(100), `data_year` int(11), `created_at` datetime, `updated_at` datetime) ENGINE=InnoDB[0m
  [4;35;1mSQL (0.5ms)[0m   [0mSHOW KEYS FROM `data_columns`[0m
  [4;36;1mSQL (102.3ms)[0m   [0;1mCREATE UNIQUE INDEX `index_data_columns_on_upload_template_id_and_seq_no` ON `data_columns` (`upload_template_id`, `seq_no`)[0m
  [4;35;1mSQL (0.7ms)[0m   [0mINSERT INTO schema_migrations (version) VALUES ('20100424063749')[0m
  [4;36;1mSQL (0.6ms)[0m   [0;1mSHOW TABLES[0m
  [4;35;1mSQL (0.2ms)[0m   [0mSELECT version FROM schema_migrations[0m
  [4;36;1mSQL (0.5ms)[0m   [0;1mSHOW TABLES[0m
  [4;35;1mSQL (13.5ms)[0m   [0mSHOW FIELDS FROM `address_types`[0m
  [4;36;1mSQL (0.9ms)[0m   [0;1mdescribe `address_types`[0m
  [4;35;1mSQL (0.8ms)[0m   [0mSHOW KEYS FROM `address_types`[0m
  [4;36;1mSQL (1.3ms)[0m   [0;1mSHOW FIELDS FROM `addresses`[0m
  [4;35;1mSQL (1.6ms)[0m   [0mdescribe `addresses`[0m
  [4;36;1mSQL (0.4ms)[0m   [0;1mSHOW KEYS FROM `addresses`[0m
  [4;35;1mSQL (1.4ms)[0m   [0mSHOW FIELDS FROM `data_columns`[0m
  [4;36;1mSQL (1.6ms)[0m   [0;1mdescribe `data_columns`[0m
  [4;35;1mSQL (0.5ms)[0m   [0mSHOW KEYS FROM `data_columns`[0m
  [4;36;1mSQL (1.2ms)[0m   [0;1mSHOW FIELDS FROM `email_types`[0m
  [4;35;1mSQL (1.5ms)[0m   [0mdescribe `email_types`[0m
  [4;36;1mSQL (0.7ms)[0m   [0;1mSHOW KEYS FROM `email_types`[0m
  [4;35;1mSQL (1.3ms)[0m   [0mSHOW FIELDS FROM `emails`[0m
  [4;36;1mSQL (1.5ms)[0m   [0;1mdescribe `emails`[0m
  [4;35;1mSQL (0.7ms)[0m   [0mSHOW KEYS FROM `emails`[0m
  [4;36;1mSQL (1.2ms)[0m   [0;1mSHOW FIELDS FROM `persons`[0m
  [4;35;1mSQL (1.7ms)[0m   [0mdescribe `persons`[0m
  [4;36;1mSQL (0.7ms)[0m   [0;1mSHOW KEYS FROM `persons`[0m
  [4;35;1mSQL (1.1ms)[0m   [0mSHOW FIELDS FROM `phone_types`[0m
  [4;36;1mSQL (1.5ms)[0m   [0;1mdescribe `phone_types`[0m
  [4;35;1mSQL (0.6ms)[0m   [0mSHOW KEYS FROM `phone_types`[0m
  [4;36;1mSQL (0.9ms)[0m   [0;1mSHOW FIELDS FROM `phones`[0m
  [4;35;1mSQL (1.1ms)[0m   [0mdescribe `phones`[0m
  [4;36;1mSQL (0.8ms)[0m   [0;1mSHOW KEYS FROM `phones`[0m
  [4;35;1mSQL (1.1ms)[0m   [0mSHOW FIELDS FROM `sessions`[0m
  [4;36;1mSQL (1.5ms)[0m   [0;1mdescribe `sessions`[0m
  [4;35;1mSQL (0.7ms)[0m   [0mSHOW KEYS FROM `sessions`[0m
  [4;36;1mSQL (0.9ms)[0m   [0;1mSHOW FIELDS FROM `upload_templates`[0m
  [4;35;1mSQL (1.3ms)[0m   [0mdescribe `upload_templates`[0m
  [4;36;1mSQL (0.3ms)[0m   [0;1mSHOW KEYS FROM `upload_templates`[0m
  [4;36;1mSQL (0.1ms)[0m   [0;1mSET NAMES 'utf8'[0m
  [4;35;1mSQL (0.1ms)[0m   [0mSET SQL_AUTO_IS_NULL=0[0m
  [4;36;1mSQL (0.5ms)[0m   [0;1mSHOW TABLES[0m
  [4;35;1mSQL (0.1ms)[0m   [0mSET NAMES 'utf8'[0m
  [4;36;1mSQL (0.1ms)[0m   [0;1mSET SQL_AUTO_IS_NULL=0[0m


Processing HomeController#index (for 127.0.0.1 at 2010-09-07 14:38:58) [GET]
Rendering template within layouts/application
Rendering home/index

ActionView::TemplateError (undefined method `excel_uploads_path' for #<ActionView::Base:0x103a34ea0>) on line #5 of app/views/home/index.html.erb:
2: <br>
3: <%= link_to_remote "Administration", :url => {:controller => :admins, :action => :index, :method => :get} %>
4: <br><br>
5: <%= link_to "Excel Upload", :excel_uploads %>

    app/views/home/index.html.erb:5
    /Users/sultanbhatia/.rvm/rubies/ruby-1.8.7-p249/lib/ruby/1.8/webrick/httpserver.rb:104:in `service'
    /Users/sultanbhatia/.rvm/rubies/ruby-1.8.7-p249/lib/ruby/1.8/webrick/httpserver.rb:65:in `run'
    /Users/sultanbhatia/.rvm/rubies/ruby-1.8.7-p249/lib/ruby/1.8/webrick/server.rb:173:in `start_thread'
    /Users/sultanbhatia/.rvm/rubies/ruby-1.8.7-p249/lib/ruby/1.8/webrick/server.rb:162:in `start'
    /Users/sultanbhatia/.rvm/rubies/ruby-1.8.7-p249/lib/ruby/1.8/webrick/server.rb:162:in `start_thread'
    /Users/sultanbhatia/.rvm/rubies/ruby-1.8.7-p249/lib/ruby/1.8/webrick/server.rb:95:in `start'
    /Users/sultanbhatia/.rvm/rubies/ruby-1.8.7-p249/lib/ruby/1.8/webrick/server.rb:92:in `each'
    /Users/sultanbhatia/.rvm/rubies/ruby-1.8.7-p249/lib/ruby/1.8/webrick/server.rb:92:in `start'
    /Users/sultanbhatia/.rvm/rubies/ruby-1.8.7-p249/lib/ruby/1.8/webrick/server.rb:23:in `start'
    /Users/sultanbhatia/.rvm/rubies/ruby-1.8.7-p249/lib/ruby/1.8/webrick/server.rb:82:in `start'

Rendered rescues/_trace (107.1ms)
Rendered rescues/_request_and_response (1.1ms)
Rendering rescues/layout (internal_server_error)
  [4;36;1mSQL (0.1ms)[0m   [0;1mSET NAMES 'utf8'[0m
  [4;35;1mSQL (0.1ms)[0m   [0mSET SQL_AUTO_IS_NULL=0[0m
  [4;36;1mSQL (0.5ms)[0m   [0;1mSHOW TABLES[0m
  [4;35;1mSQL (0.1ms)[0m   [0mSET NAMES 'utf8'[0m
  [4;36;1mSQL (0.1ms)[0m   [0;1mSET SQL_AUTO_IS_NULL=0[0m


Processing HomeController#index (for 127.0.0.1 at 2010-09-07 14:51:16) [GET]
Rendering template within layouts/application
Rendering home/index

ActionView::TemplateError (undefined method `excel_uploads_path' for #<ActionView::Base:0x103b2bfc0>) on line #5 of app/views/home/index.html.erb:
2: <br>
3: <%= link_to_remote "Administration", :url => {:controller => :admins, :action => :index, :method => :get} %>
4: <br><br>
5: <%= link_to "Excel Upload", :excel_uploads %>

    app/views/home/index.html.erb:5
    /Users/sultanbhatia/.rvm/rubies/ruby-1.8.7-p249/lib/ruby/1.8/webrick/httpserver.rb:104:in `service'
    /Users/sultanbhatia/.rvm/rubies/ruby-1.8.7-p249/lib/ruby/1.8/webrick/httpserver.rb:65:in `run'
    /Users/sultanbhatia/.rvm/rubies/ruby-1.8.7-p249/lib/ruby/1.8/webrick/server.rb:173:in `start_thread'
    /Users/sultanbhatia/.rvm/rubies/ruby-1.8.7-p249/lib/ruby/1.8/webrick/server.rb:162:in `start'
    /Users/sultanbhatia/.rvm/rubies/ruby-1.8.7-p249/lib/ruby/1.8/webrick/server.rb:162:in `start_thread'
    /Users/sultanbhatia/.rvm/rubies/ruby-1.8.7-p249/lib/ruby/1.8/webrick/server.rb:95:in `start'
    /Users/sultanbhatia/.rvm/rubies/ruby-1.8.7-p249/lib/ruby/1.8/webrick/server.rb:92:in `each'
    /Users/sultanbhatia/.rvm/rubies/ruby-1.8.7-p249/lib/ruby/1.8/webrick/server.rb:92:in `start'
    /Users/sultanbhatia/.rvm/rubies/ruby-1.8.7-p249/lib/ruby/1.8/webrick/server.rb:23:in `start'
    /Users/sultanbhatia/.rvm/rubies/ruby-1.8.7-p249/lib/ruby/1.8/webrick/server.rb:82:in `start'

Rendered rescues/_trace (49.5ms)
Rendered rescues/_request_and_response (0.3ms)
Rendering rescues/layout (internal_server_error)
  [4;35;1mSQL (0.1ms)[0m   [0mSET NAMES 'utf8'[0m
  [4;36;1mSQL (0.2ms)[0m   [0;1mSET SQL_AUTO_IS_NULL=0[0m


Processing HomeController#index (for 127.0.0.1 at 2010-09-07 14:53:36) [GET]
Rendering template within layouts/application
Rendering home/index
Completed in 30ms (View: 28, DB: 1) | 200 OK [http://localhost/]
  [4;35;1mSQL (0.1ms)[0m   [0mSET NAMES 'utf8'[0m
  [4;36;1mSQL (0.1ms)[0m   [0;1mSET SQL_AUTO_IS_NULL=0[0m


Processing ApplicationController#index (for 127.0.0.1 at 2010-09-07 14:53:36) [GET]

ActionController::RoutingError (No route matches "/stylesheets/sample.css" with {:method=>:get}):
  /Users/sultanbhatia/.rvm/rubies/ruby-1.8.7-p249/lib/ruby/1.8/webrick/httpserver.rb:104:in `service'
  /Users/sultanbhatia/.rvm/rubies/ruby-1.8.7-p249/lib/ruby/1.8/webrick/httpserver.rb:65:in `run'
  /Users/sultanbhatia/.rvm/rubies/ruby-1.8.7-p249/lib/ruby/1.8/webrick/server.rb:173:in `start_thread'
  /Users/sultanbhatia/.rvm/rubies/ruby-1.8.7-p249/lib/ruby/1.8/webrick/server.rb:162:in `start'
  /Users/sultanbhatia/.rvm/rubies/ruby-1.8.7-p249/lib/ruby/1.8/webrick/server.rb:162:in `start_thread'
  /Users/sultanbhatia/.rvm/rubies/ruby-1.8.7-p249/lib/ruby/1.8/webrick/server.rb:95:in `start'
  /Users/sultanbhatia/.rvm/rubies/ruby-1.8.7-p249/lib/ruby/1.8/webrick/server.rb:92:in `each'
  /Users/sultanbhatia/.rvm/rubies/ruby-1.8.7-p249/lib/ruby/1.8/webrick/server.rb:92:in `start'
  /Users/sultanbhatia/.rvm/rubies/ruby-1.8.7-p249/lib/ruby/1.8/webrick/server.rb:23:in `start'
  /Users/sultanbhatia/.rvm/rubies/ruby-1.8.7-p249/lib/ruby/1.8/webrick/server.rb:82:in `start'

Rendering rescues/layout (not_found)
  [4;35;1mSQL (0.1ms)[0m   [0mSET NAMES 'utf8'[0m
  [4;36;1mSQL (0.1ms)[0m   [0;1mSET SQL_AUTO_IS_NULL=0[0m


Processing DataUploadsController#index (for 127.0.0.1 at 2010-09-07 14:53:44) [GET]

NameError (uninitialized constant DataUploadsController::ExcelUpload):
  app/controllers/data_uploads_controller.rb:7:in `index'
  /Users/sultanbhatia/.rvm/rubies/ruby-1.8.7-p249/lib/ruby/1.8/webrick/httpserver.rb:104:in `service'
  /Users/sultanbhatia/.rvm/rubies/ruby-1.8.7-p249/lib/ruby/1.8/webrick/httpserver.rb:65:in `run'
  /Users/sultanbhatia/.rvm/rubies/ruby-1.8.7-p249/lib/ruby/1.8/webrick/server.rb:173:in `start_thread'
  /Users/sultanbhatia/.rvm/rubies/ruby-1.8.7-p249/lib/ruby/1.8/webrick/server.rb:162:in `start'
  /Users/sultanbhatia/.rvm/rubies/ruby-1.8.7-p249/lib/ruby/1.8/webrick/server.rb:162:in `start_thread'
  /Users/sultanbhatia/.rvm/rubies/ruby-1.8.7-p249/lib/ruby/1.8/webrick/server.rb:95:in `start'
  /Users/sultanbhatia/.rvm/rubies/ruby-1.8.7-p249/lib/ruby/1.8/webrick/server.rb:92:in `each'
  /Users/sultanbhatia/.rvm/rubies/ruby-1.8.7-p249/lib/ruby/1.8/webrick/server.rb:92:in `start'
  /Users/sultanbhatia/.rvm/rubies/ruby-1.8.7-p249/lib/ruby/1.8/webrick/server.rb:23:in `start'
  /Users/sultanbhatia/.rvm/rubies/ruby-1.8.7-p249/lib/ruby/1.8/webrick/server.rb:82:in `start'

Rendered rescues/_trace (35.4ms)
Rendered rescues/_request_and_response (0.3ms)
Rendering rescues/layout (internal_server_error)
  [4;35;1mSQL (0.1ms)[0m   [0mSET NAMES 'utf8'[0m
  [4;36;1mSQL (0.1ms)[0m   [0;1mSET SQL_AUTO_IS_NULL=0[0m


Processing DataUploadsController#index (for 127.0.0.1 at 2010-09-07 15:01:45) [GET]

NameError (uninitialized constant DataUploadsController::DataUpload):
  app/controllers/data_uploads_controller.rb:7:in `index'
  /Users/sultanbhatia/.rvm/rubies/ruby-1.8.7-p249/lib/ruby/1.8/webrick/httpserver.rb:104:in `service'
  /Users/sultanbhatia/.rvm/rubies/ruby-1.8.7-p249/lib/ruby/1.8/webrick/httpserver.rb:65:in `run'
  /Users/sultanbhatia/.rvm/rubies/ruby-1.8.7-p249/lib/ruby/1.8/webrick/server.rb:173:in `start_thread'
  /Users/sultanbhatia/.rvm/rubies/ruby-1.8.7-p249/lib/ruby/1.8/webrick/server.rb:162:in `start'
  /Users/sultanbhatia/.rvm/rubies/ruby-1.8.7-p249/lib/ruby/1.8/webrick/server.rb:162:in `start_thread'
  /Users/sultanbhatia/.rvm/rubies/ruby-1.8.7-p249/lib/ruby/1.8/webrick/server.rb:95:in `start'
  /Users/sultanbhatia/.rvm/rubies/ruby-1.8.7-p249/lib/ruby/1.8/webrick/server.rb:92:in `each'
  /Users/sultanbhatia/.rvm/rubies/ruby-1.8.7-p249/lib/ruby/1.8/webrick/server.rb:92:in `start'
  /Users/sultanbhatia/.rvm/rubies/ruby-1.8.7-p249/lib/ruby/1.8/webrick/server.rb:23:in `start'
  /Users/sultanbhatia/.rvm/rubies/ruby-1.8.7-p249/lib/ruby/1.8/webrick/server.rb:82:in `start'

Rendered rescues/_trace (36.0ms)
Rendered rescues/_request_and_response (0.3ms)
Rendering rescues/layout (internal_server_error)
  [4;35;1mSQL (0.1ms)[0m   [0mSET NAMES 'utf8'[0m
  [4;36;1mSQL (0.1ms)[0m   [0;1mSET SQL_AUTO_IS_NULL=0[0m


Processing DataUploadsController#index (for 127.0.0.1 at 2010-09-07 15:04:46) [GET]
  [4;35;1mUploadTemplate Load (0.3ms)[0m   [0mSELECT * FROM `upload_templates` ORDER BY created_at[0m
Rendering template within layouts/application
Rendering data_uploads/index

ActionView::TemplateError (You have a nil object when you didn't expect it!
You might have expected an instance of Array.
The error occurred while evaluating nil.each) on line #7 of app/views/data_uploads/index.html.erb:
4:   <tr>
5:   </tr>
6: 
7: <% @excel_uploads.each do |excel_upload| %>
8:   <tr>
9:     <td><b><%= excel_upload.excel_template %>&nbsp;&nbsp;|&nbsp;&nbsp;
10:         <%= (excel_upload.status == "P")? "Processed" : "Not Processed Yet" %>

    app/views/data_uploads/index.html.erb:7
    app/controllers/data_uploads_controller.rb:9:in `index'
    /Users/sultanbhatia/.rvm/rubies/ruby-1.8.7-p249/lib/ruby/1.8/webrick/httpserver.rb:104:in `service'
    /Users/sultanbhatia/.rvm/rubies/ruby-1.8.7-p249/lib/ruby/1.8/webrick/httpserver.rb:65:in `run'
    /Users/sultanbhatia/.rvm/rubies/ruby-1.8.7-p249/lib/ruby/1.8/webrick/server.rb:173:in `start_thread'
    /Users/sultanbhatia/.rvm/rubies/ruby-1.8.7-p249/lib/ruby/1.8/webrick/server.rb:162:in `start'
    /Users/sultanbhatia/.rvm/rubies/ruby-1.8.7-p249/lib/ruby/1.8/webrick/server.rb:162:in `start_thread'
    /Users/sultanbhatia/.rvm/rubies/ruby-1.8.7-p249/lib/ruby/1.8/webrick/server.rb:95:in `start'
    /Users/sultanbhatia/.rvm/rubies/ruby-1.8.7-p249/lib/ruby/1.8/webrick/server.rb:92:in `each'
    /Users/sultanbhatia/.rvm/rubies/ruby-1.8.7-p249/lib/ruby/1.8/webrick/server.rb:92:in `start'
    /Users/sultanbhatia/.rvm/rubies/ruby-1.8.7-p249/lib/ruby/1.8/webrick/server.rb:23:in `start'
    /Users/sultanbhatia/.rvm/rubies/ruby-1.8.7-p249/lib/ruby/1.8/webrick/server.rb:82:in `start'

Rendered rescues/_trace (114.2ms)
Rendered rescues/_request_and_response (0.3ms)
Rendering rescues/layout (internal_server_error)
  [4;36;1mSQL (0.1ms)[0m   [0;1mSET NAMES 'utf8'[0m
  [4;35;1mSQL (0.1ms)[0m   [0mSET SQL_AUTO_IS_NULL=0[0m


Processing HomeController#index (for 127.0.0.1 at 2010-09-07 17:22:30) [GET]
Rendering template within layouts/application
Rendering home/index
Completed in 6ms (View: 4, DB: 1) | 200 OK [http://localhost/]
  [4;36;1mSQL (0.5ms)[0m   [0;1mSET NAMES 'utf8'[0m
  [4;35;1mSQL (0.1ms)[0m   [0mSET SQL_AUTO_IS_NULL=0[0m


Processing ApplicationController#index (for 127.0.0.1 at 2010-09-07 17:22:30) [GET]

ActionController::RoutingError (No route matches "/stylesheets/sample.css" with {:method=>:get}):
  /Users/sultanbhatia/.rvm/rubies/ruby-1.8.7-p249/lib/ruby/1.8/webrick/httpserver.rb:104:in `service'
  /Users/sultanbhatia/.rvm/rubies/ruby-1.8.7-p249/lib/ruby/1.8/webrick/httpserver.rb:65:in `run'
  /Users/sultanbhatia/.rvm/rubies/ruby-1.8.7-p249/lib/ruby/1.8/webrick/server.rb:173:in `start_thread'
  /Users/sultanbhatia/.rvm/rubies/ruby-1.8.7-p249/lib/ruby/1.8/webrick/server.rb:162:in `start'
  /Users/sultanbhatia/.rvm/rubies/ruby-1.8.7-p249/lib/ruby/1.8/webrick/server.rb:162:in `start_thread'
  /Users/sultanbhatia/.rvm/rubies/ruby-1.8.7-p249/lib/ruby/1.8/webrick/server.rb:95:in `start'
  /Users/sultanbhatia/.rvm/rubies/ruby-1.8.7-p249/lib/ruby/1.8/webrick/server.rb:92:in `each'
  /Users/sultanbhatia/.rvm/rubies/ruby-1.8.7-p249/lib/ruby/1.8/webrick/server.rb:92:in `start'
  /Users/sultanbhatia/.rvm/rubies/ruby-1.8.7-p249/lib/ruby/1.8/webrick/server.rb:23:in `start'
  /Users/sultanbhatia/.rvm/rubies/ruby-1.8.7-p249/lib/ruby/1.8/webrick/server.rb:82:in `start'

Rendering rescues/layout (not_found)
  [4;36;1mSQL (0.1ms)[0m   [0;1mSET NAMES 'utf8'[0m
  [4;35;1mSQL (0.1ms)[0m   [0mSET SQL_AUTO_IS_NULL=0[0m


Processing DataUploadsController#index (for 127.0.0.1 at 2010-09-07 17:22:32) [GET]
  [4;36;1mUploadTemplate Load (0.3ms)[0m   [0;1mSELECT * FROM `upload_templates` ORDER BY created_at[0m
Rendering template within layouts/application
Rendering data_uploads/index
Completed in 161ms (View: 7, DB: 1) | 200 OK [http://localhost/data_uploads]
  [4;35;1mSQL (0.1ms)[0m   [0mSET NAMES 'utf8'[0m
  [4;36;1mSQL (0.1ms)[0m   [0;1mSET SQL_AUTO_IS_NULL=0[0m


Processing ApplicationController#index (for 127.0.0.1 at 2010-09-07 17:22:33) [GET]

ActionController::RoutingError (No route matches "/stylesheets/sample.css" with {:method=>:get}):
  /Users/sultanbhatia/.rvm/rubies/ruby-1.8.7-p249/lib/ruby/1.8/webrick/httpserver.rb:104:in `service'
  /Users/sultanbhatia/.rvm/rubies/ruby-1.8.7-p249/lib/ruby/1.8/webrick/httpserver.rb:65:in `run'
  /Users/sultanbhatia/.rvm/rubies/ruby-1.8.7-p249/lib/ruby/1.8/webrick/server.rb:173:in `start_thread'
  /Users/sultanbhatia/.rvm/rubies/ruby-1.8.7-p249/lib/ruby/1.8/webrick/server.rb:162:in `start'
  /Users/sultanbhatia/.rvm/rubies/ruby-1.8.7-p249/lib/ruby/1.8/webrick/server.rb:162:in `start_thread'
  /Users/sultanbhatia/.rvm/rubies/ruby-1.8.7-p249/lib/ruby/1.8/webrick/server.rb:95:in `start'
  /Users/sultanbhatia/.rvm/rubies/ruby-1.8.7-p249/lib/ruby/1.8/webrick/server.rb:92:in `each'
  /Users/sultanbhatia/.rvm/rubies/ruby-1.8.7-p249/lib/ruby/1.8/webrick/server.rb:92:in `start'
  /Users/sultanbhatia/.rvm/rubies/ruby-1.8.7-p249/lib/ruby/1.8/webrick/server.rb:23:in `start'
  /Users/sultanbhatia/.rvm/rubies/ruby-1.8.7-p249/lib/ruby/1.8/webrick/server.rb:82:in `start'

Rendering rescues/layout (not_found)
  [4;35;1mSQL (0.1ms)[0m   [0mSET NAMES 'utf8'[0m
  [4;36;1mSQL (0.1ms)[0m   [0;1mSET SQL_AUTO_IS_NULL=0[0m


Processing DataUploadsController#new (for 127.0.0.1 at 2010-09-07 17:22:36) [GET]
  [4;35;1mUploadTemplate Columns (1.4ms)[0m   [0mSHOW FIELDS FROM `upload_templates`[0m
Rendering template within layouts/application
Rendering data_uploads/new

ActionView::TemplateError (undefined method `upload_templates_path' for #<ActionView::Base:0x103c44e98>) on line #3 of app/views/data_uploads/new.html.erb:
1: <h1>New Template</h1>
2: 
3: <% form_for @upload_template, :html=>{:multipart=>true} do |f| %>
4:   <%= f.error_messages %>
5:   <%= render :partial => 'upload_form', :object => @upload_template, :locals => {:f => f} %>
6:   <p>

    app/views/data_uploads/new.html.erb:3
    app/controllers/data_uploads_controller.rb:43:in `new'
    /Users/sultanbhatia/.rvm/rubies/ruby-1.8.7-p249/lib/ruby/1.8/webrick/httpserver.rb:104:in `service'
    /Users/sultanbhatia/.rvm/rubies/ruby-1.8.7-p249/lib/ruby/1.8/webrick/httpserver.rb:65:in `run'
    /Users/sultanbhatia/.rvm/rubies/ruby-1.8.7-p249/lib/ruby/1.8/webrick/server.rb:173:in `start_thread'
    /Users/sultanbhatia/.rvm/rubies/ruby-1.8.7-p249/lib/ruby/1.8/webrick/server.rb:162:in `start'
    /Users/sultanbhatia/.rvm/rubies/ruby-1.8.7-p249/lib/ruby/1.8/webrick/server.rb:162:in `start_thread'
    /Users/sultanbhatia/.rvm/rubies/ruby-1.8.7-p249/lib/ruby/1.8/webrick/server.rb:95:in `start'
    /Users/sultanbhatia/.rvm/rubies/ruby-1.8.7-p249/lib/ruby/1.8/webrick/server.rb:92:in `each'
    /Users/sultanbhatia/.rvm/rubies/ruby-1.8.7-p249/lib/ruby/1.8/webrick/server.rb:92:in `start'
    /Users/sultanbhatia/.rvm/rubies/ruby-1.8.7-p249/lib/ruby/1.8/webrick/server.rb:23:in `start'
    /Users/sultanbhatia/.rvm/rubies/ruby-1.8.7-p249/lib/ruby/1.8/webrick/server.rb:82:in `start'

Rendered rescues/_trace (53.0ms)
Rendered rescues/_request_and_response (0.3ms)
Rendering rescues/layout (internal_server_error)
  [4;36;1mSQL (0.7ms)[0m   [0;1mSET NAMES 'utf8'[0m
  [4;35;1mSQL (0.6ms)[0m   [0mSET SQL_AUTO_IS_NULL=0[0m
  [4;36;1mSQL (15.4ms)[0m   [0;1mSHOW TABLES[0m
  [4;35;1mSQL (0.1ms)[0m   [0mSET NAMES 'utf8'[0m
  [4;36;1mSQL (0.1ms)[0m   [0;1mSET SQL_AUTO_IS_NULL=0[0m


Processing HomeController#index (for 127.0.0.1 at 2010-09-07 19:30:02) [GET]
Rendering template within layouts/application
Rendering home/index
Completed in 94ms (View: 33, DB: 59) | 200 OK [http://localhost/]
  [4;35;1mSQL (0.1ms)[0m   [0mSET NAMES 'utf8'[0m
  [4;36;1mSQL (0.1ms)[0m   [0;1mSET SQL_AUTO_IS_NULL=0[0m


Processing ApplicationController#index (for 127.0.0.1 at 2010-09-07 19:30:02) [GET]

ActionController::RoutingError (No route matches "/stylesheets/sample.css" with {:method=>:get}):
  /Users/sultanbhatia/.rvm/rubies/ruby-1.8.7-p249/lib/ruby/1.8/webrick/httpserver.rb:104:in `service'
  /Users/sultanbhatia/.rvm/rubies/ruby-1.8.7-p249/lib/ruby/1.8/webrick/httpserver.rb:65:in `run'
  /Users/sultanbhatia/.rvm/rubies/ruby-1.8.7-p249/lib/ruby/1.8/webrick/server.rb:173:in `start_thread'
  /Users/sultanbhatia/.rvm/rubies/ruby-1.8.7-p249/lib/ruby/1.8/webrick/server.rb:162:in `start'
  /Users/sultanbhatia/.rvm/rubies/ruby-1.8.7-p249/lib/ruby/1.8/webrick/server.rb:162:in `start_thread'
  /Users/sultanbhatia/.rvm/rubies/ruby-1.8.7-p249/lib/ruby/1.8/webrick/server.rb:95:in `start'
  /Users/sultanbhatia/.rvm/rubies/ruby-1.8.7-p249/lib/ruby/1.8/webrick/server.rb:92:in `each'
  /Users/sultanbhatia/.rvm/rubies/ruby-1.8.7-p249/lib/ruby/1.8/webrick/server.rb:92:in `start'
  /Users/sultanbhatia/.rvm/rubies/ruby-1.8.7-p249/lib/ruby/1.8/webrick/server.rb:23:in `start'
  /Users/sultanbhatia/.rvm/rubies/ruby-1.8.7-p249/lib/ruby/1.8/webrick/server.rb:82:in `start'

Rendering rescues/layout (not_found)
  [4;35;1mSQL (0.1ms)[0m   [0mSET NAMES 'utf8'[0m
  [4;36;1mSQL (0.1ms)[0m   [0;1mSET SQL_AUTO_IS_NULL=0[0m


Processing DataUploadsController#index (for 127.0.0.1 at 2010-09-07 19:30:05) [GET]
  [4;35;1mUploadTemplate Load (24.3ms)[0m   [0mSELECT * FROM `upload_templates` ORDER BY created_at[0m
Rendering template within layouts/application
Rendering data_uploads/index
Completed in 43ms (View: 9, DB: 24) | 200 OK [http://localhost/data_uploads]
  [4;36;1mSQL (0.1ms)[0m   [0;1mSET NAMES 'utf8'[0m
  [4;35;1mSQL (0.1ms)[0m   [0mSET SQL_AUTO_IS_NULL=0[0m


Processing ApplicationController#index (for 127.0.0.1 at 2010-09-07 19:30:05) [GET]

ActionController::RoutingError (No route matches "/stylesheets/sample.css" with {:method=>:get}):
  /Users/sultanbhatia/.rvm/rubies/ruby-1.8.7-p249/lib/ruby/1.8/webrick/httpserver.rb:104:in `service'
  /Users/sultanbhatia/.rvm/rubies/ruby-1.8.7-p249/lib/ruby/1.8/webrick/httpserver.rb:65:in `run'
  /Users/sultanbhatia/.rvm/rubies/ruby-1.8.7-p249/lib/ruby/1.8/webrick/server.rb:173:in `start_thread'
  /Users/sultanbhatia/.rvm/rubies/ruby-1.8.7-p249/lib/ruby/1.8/webrick/server.rb:162:in `start'
  /Users/sultanbhatia/.rvm/rubies/ruby-1.8.7-p249/lib/ruby/1.8/webrick/server.rb:162:in `start_thread'
  /Users/sultanbhatia/.rvm/rubies/ruby-1.8.7-p249/lib/ruby/1.8/webrick/server.rb:95:in `start'
  /Users/sultanbhatia/.rvm/rubies/ruby-1.8.7-p249/lib/ruby/1.8/webrick/server.rb:92:in `each'
  /Users/sultanbhatia/.rvm/rubies/ruby-1.8.7-p249/lib/ruby/1.8/webrick/server.rb:92:in `start'
  /Users/sultanbhatia/.rvm/rubies/ruby-1.8.7-p249/lib/ruby/1.8/webrick/server.rb:23:in `start'
  /Users/sultanbhatia/.rvm/rubies/ruby-1.8.7-p249/lib/ruby/1.8/webrick/server.rb:82:in `start'

Rendering rescues/layout (not_found)
  [4;36;1mSQL (0.1ms)[0m   [0;1mSET NAMES 'utf8'[0m
  [4;35;1mSQL (0.1ms)[0m   [0mSET SQL_AUTO_IS_NULL=0[0m


Processing DataUploadsController#new (for 127.0.0.1 at 2010-09-07 19:30:08) [GET]
  [4;36;1mUploadTemplate Columns (1.4ms)[0m   [0;1mSHOW FIELDS FROM `upload_templates`[0m
Rendering template within layouts/application
Rendering data_uploads/new
ERROR: compiling _run_erb_app47views47data_uploads47new46html46erb RAISED compile error
/Users/sultanbhatia/data_uploader/app/views/data_uploads/new.html.erb:3: syntax error, unexpected ',', expecting kEND
...loads_path(@upload_template)), :html=>{:multipart=>true} do ...
                              ^
/Users/sultanbhatia/data_uploader/app/views/data_uploads/new.html.erb:3: syntax error, unexpected kDO, expecting kEND
..., :html=>{:multipart=>true} do |f| ; @output_buffer.concat "...
                              ^
/Users/sultanbhatia/data_uploader/app/views/data_uploads/new.html.erb:13: syntax error, unexpected kENSURE, expecting $end
Function body:           def _run_erb_app47views47data_uploads47new46html46erb(local_assigns)
            old_output_buffer = output_buffer;;@output_buffer = '';  __in_erb_template=true ; @output_buffer.concat "<h1>New Template</h1>\n\n"

;  form_for (@upload_template, :url => data_uploads_path(@upload_template)), :html=>{:multipart=>true} do |f| ; @output_buffer.concat "\n  "
; @output_buffer.concat(( f.error_messages ).to_s); @output_buffer.concat "\n  "
; @output_buffer.concat(( render :partial => 'upload_form', :object => @upload_template, :locals => {:f => f} ).to_s); @output_buffer.concat "\n  <p>\n    "

; @output_buffer.concat(( f.submit 'Create' ).to_s); @output_buffer.concat "\n  </p>\n"

;  end ; @output_buffer.concat "\n\n"

; @output_buffer.concat(( link_to 'Back', data_uploads_path ).to_s); @output_buffer.concat "\n"
; @output_buffer
          ensure
            self.output_buffer = old_output_buffer
          end
Backtrace: /Users/sultanbhatia/data_uploader/app/views/data_uploads/new.html.erb:13:in `compile!'
/Users/sultanbhatia/.rvm/gems/ruby-1.8.7-p249/gems/actionpack-2.3.8/lib/action_view/renderable.rb:61:in `compile'
/Users/sultanbhatia/.rvm/gems/ruby-1.8.7-p249/gems/actionpack-2.3.8/lib/action_view/renderable.rb:28:in `render'
/Users/sultanbhatia/.rvm/gems/ruby-1.8.7-p249/gems/actionpack-2.3.8/lib/action_view/template.rb:205:in `render_template'
/Users/sultanbhatia/.rvm/gems/ruby-1.8.7-p249/gems/actionpack-2.3.8/lib/action_view/base.rb:265:in `render'
/Users/sultanbhatia/.rvm/gems/ruby-1.8.7-p249/gems/actionpack-2.3.8/lib/action_view/base.rb:348:in `_render_with_layout'
/Users/sultanbhatia/.rvm/gems/ruby-1.8.7-p249/gems/actionpack-2.3.8/lib/action_view/base.rb:262:in `render'
/Users/sultanbhatia/.rvm/gems/ruby-1.8.7-p249/gems/actionpack-2.3.8/lib/action_controller/base.rb:1250:in `render_for_file'
/Users/sultanbhatia/.rvm/gems/ruby-1.8.7-p249/gems/actionpack-2.3.8/lib/action_controller/base.rb:942:in `render_without_benchmark'
/Users/sultanbhatia/.rvm/gems/ruby-1.8.7-p249/gems/actionpack-2.3.8/lib/action_controller/benchmarking.rb:51:in `render'
/Users/sultanbhatia/.rvm/gems/ruby-1.8.7-p249/gems/activesupport-2.3.8/lib/active_support/core_ext/benchmark.rb:17:in `ms'
/Users/sultanbhatia/.rvm/rubies/ruby-1.8.7-p249/lib/ruby/1.8/benchmark.rb:308:in `realtime'
/Users/sultanbhatia/.rvm/gems/ruby-1.8.7-p249/gems/activesupport-2.3.8/lib/active_support/core_ext/benchmark.rb:17:in `ms'
/Users/sultanbhatia/.rvm/gems/ruby-1.8.7-p249/gems/actionpack-2.3.8/lib/action_controller/benchmarking.rb:51:in `render'
/Users/sultanbhatia/.rvm/gems/ruby-1.8.7-p249/gems/actionpack-2.3.8/lib/action_controller/mime_responds.rb:135:in `send'
/Users/sultanbhatia/.rvm/gems/ruby-1.8.7-p249/gems/actionpack-2.3.8/lib/action_controller/mime_responds.rb:135
/Users/sultanbhatia/.rvm/gems/ruby-1.8.7-p249/gems/actionpack-2.3.8/lib/action_controller/mime_responds.rb:179:in `call'
/Users/sultanbhatia/.rvm/gems/ruby-1.8.7-p249/gems/actionpack-2.3.8/lib/action_controller/mime_responds.rb:179:in `respond'
/Users/sultanbhatia/.rvm/gems/ruby-1.8.7-p249/gems/actionpack-2.3.8/lib/action_controller/mime_responds.rb:173:in `each'
/Users/sultanbhatia/.rvm/gems/ruby-1.8.7-p249/gems/actionpack-2.3.8/lib/action_controller/mime_responds.rb:173:in `respond'
/Users/sultanbhatia/.rvm/gems/ruby-1.8.7-p249/gems/actionpack-2.3.8/lib/action_controller/mime_responds.rb:107:in `respond_to'
/Users/sultanbhatia/data_uploader/app/controllers/data_uploads_controller.rb:43:in `new'
/Users/sultanbhatia/.rvm/gems/ruby-1.8.7-p249/gems/actionpack-2.3.8/lib/action_controller/base.rb:1331:in `send'
/Users/sultanbhatia/.rvm/gems/ruby-1.8.7-p249/gems/actionpack-2.3.8/lib/action_controller/base.rb:1331:in `perform_action_without_filters'
/Users/sultanbhatia/.rvm/gems/ruby-1.8.7-p249/gems/actionpack-2.3.8/lib/action_controller/filters.rb:617:in `call_filters'
/Users/sultanbhatia/.rvm/gems/ruby-1.8.7-p249/gems/actionpack-2.3.8/lib/action_controller/filters.rb:610:in `perform_action_without_benchmark'
/Users/sultanbhatia/.rvm/gems/ruby-1.8.7-p249/gems/actionpack-2.3.8/lib/action_controller/benchmarking.rb:68:in `perform_action_without_rescue'
/Users/sultanbhatia/.rvm/gems/ruby-1.8.7-p249/gems/activesupport-2.3.8/lib/active_support/core_ext/benchmark.rb:17:in `ms'
/Users/sultanbhatia/.rvm/rubies/ruby-1.8.7-p249/lib/ruby/1.8/benchmark.rb:308:in `realtime'
/Users/sultanbhatia/.rvm/gems/ruby-1.8.7-p249/gems/activesupport-2.3.8/lib/active_support/core_ext/benchmark.rb:17:in `ms'
/Users/sultanbhatia/.rvm/gems/ruby-1.8.7-p249/gems/actionpack-2.3.8/lib/action_controller/benchmarking.rb:68:in `perform_action_without_rescue'
/Users/sultanbhatia/.rvm/gems/ruby-1.8.7-p249/gems/actionpack-2.3.8/lib/action_controller/rescue.rb:160:in `perform_action_without_flash'
/Users/sultanbhatia/.rvm/gems/ruby-1.8.7-p249/gems/actionpack-2.3.8/lib/action_controller/flash.rb:151:in `perform_action'
/Users/sultanbhatia/.rvm/gems/ruby-1.8.7-p249/gems/actionpack-2.3.8/lib/action_controller/base.rb:532:in `send'
/Users/sultanbhatia/.rvm/gems/ruby-1.8.7-p249/gems/actionpack-2.3.8/lib/action_controller/base.rb:532:in `process_without_filters'
/Users/sultanbhatia/.rvm/gems/ruby-1.8.7-p249/gems/actionpack-2.3.8/lib/action_controller/filters.rb:606:in `process'
/Users/sultanbhatia/.rvm/gems/ruby-1.8.7-p249/gems/actionpack-2.3.8/lib/action_controller/base.rb:391:in `process'
/Users/sultanbhatia/.rvm/gems/ruby-1.8.7-p249/gems/actionpack-2.3.8/lib/action_controller/base.rb:386:in `call'
/Users/sultanbhatia/.rvm/gems/ruby-1.8.7-p249/gems/actionpack-2.3.8/lib/action_controller/routing/route_set.rb:438:in `call'
/Users/sultanbhatia/.rvm/gems/ruby-1.8.7-p249/gems/actionpack-2.3.8/lib/action_controller/dispatcher.rb:87:in `dispatch'
/Users/sultanbhatia/.rvm/gems/ruby-1.8.7-p249/gems/actionpack-2.3.8/lib/action_controller/dispatcher.rb:121:in `_call'
/Users/sultanbhatia/.rvm/gems/ruby-1.8.7-p249/gems/actionpack-2.3.8/lib/action_controller/dispatcher.rb:130
/Users/sultanbhatia/.rvm/gems/ruby-1.8.7-p249/gems/actionpack-2.3.8/lib/action_controller/string_coercion.rb:25:in `call'
/Users/sultanbhatia/.rvm/gems/ruby-1.8.7-p249/gems/actionpack-2.3.8/lib/action_controller/string_coercion.rb:25:in `call'
/Users/sultanbhatia/.rvm/gems/ruby-1.8.7-p249/gems/rack-1.1.0/lib/rack/head.rb:9:in `call'
/Users/sultanbhatia/.rvm/gems/ruby-1.8.7-p249/gems/rack-1.1.0/lib/rack/methodoverride.rb:24:in `call'
/Users/sultanbhatia/.rvm/gems/ruby-1.8.7-p249/gems/actionpack-2.3.8/lib/action_controller/params_parser.rb:15:in `call'
/Users/sultanbhatia/.rvm/gems/ruby-1.8.7-p249/gems/actionpack-2.3.8/lib/action_controller/session/abstract_store.rb:128:in `call'
/Users/sultanbhatia/.rvm/gems/ruby-1.8.7-p249/gems/activerecord-2.3.8/lib/active_record/query_cache.rb:29:in `call'
/Users/sultanbhatia/.rvm/gems/ruby-1.8.7-p249/gems/activerecord-2.3.8/lib/active_record/connection_adapters/abstract/query_cache.rb:34:in `cache'
/Users/sultanbhatia/.rvm/gems/ruby-1.8.7-p249/gems/activerecord-2.3.8/lib/active_record/query_cache.rb:9:in `cache'
/Users/sultanbhatia/.rvm/gems/ruby-1.8.7-p249/gems/activerecord-2.3.8/lib/active_record/query_cache.rb:28:in `call'
/Users/sultanbhatia/.rvm/gems/ruby-1.8.7-p249/gems/activerecord-2.3.8/lib/active_record/connection_adapters/abstract/connection_pool.rb:361:in `call'
/Users/sultanbhatia/.rvm/gems/ruby-1.8.7-p249/gems/actionpack-2.3.8/lib/action_controller/failsafe.rb:26:in `call'
/Users/sultanbhatia/.rvm/gems/ruby-1.8.7-p249/gems/rack-1.1.0/lib/rack/lock.rb:11:in `call'
/Users/sultanbhatia/.rvm/gems/ruby-1.8.7-p249/gems/rack-1.1.0/lib/rack/lock.rb:11:in `synchronize'
/Users/sultanbhatia/.rvm/gems/ruby-1.8.7-p249/gems/rack-1.1.0/lib/rack/lock.rb:11:in `call'
/Users/sultanbhatia/.rvm/gems/ruby-1.8.7-p249/gems/actionpack-2.3.8/lib/action_controller/dispatcher.rb:114:in `call'
/Users/sultanbhatia/.rvm/gems/ruby-1.8.7-p249/gems/actionpack-2.3.8/lib/action_controller/reloader.rb:34:in `run'
/Users/sultanbhatia/.rvm/gems/ruby-1.8.7-p249/gems/actionpack-2.3.8/lib/action_controller/dispatcher.rb:108:in `call'
/Users/sultanbhatia/.rvm/gems/ruby-1.8.7-p249/gems/rails-2.3.8/lib/rails/rack/static.rb:31:in `call'
/Users/sultanbhatia/.rvm/gems/ruby-1.8.7-p249/gems/rack-1.1.0/lib/rack/urlmap.rb:47:in `call'
/Users/sultanbhatia/.rvm/gems/ruby-1.8.7-p249/gems/rack-1.1.0/lib/rack/urlmap.rb:41:in `each'
/Users/sultanbhatia/.rvm/gems/ruby-1.8.7-p249/gems/rack-1.1.0/lib/rack/urlmap.rb:41:in `call'
/Users/sultanbhatia/.rvm/gems/ruby-1.8.7-p249/gems/rails-2.3.8/lib/rails/rack/log_tailer.rb:17:in `call'
/Users/sultanbhatia/.rvm/gems/ruby-1.8.7-p249/gems/rack-1.1.0/lib/rack/content_length.rb:13:in `call'
/Users/sultanbhatia/.rvm/gems/ruby-1.8.7-p249/gems/rack-1.1.0/lib/rack/handler/webrick.rb:48:in `service'
/Users/sultanbhatia/.rvm/rubies/ruby-1.8.7-p249/lib/ruby/1.8/webrick/httpserver.rb:104:in `service'
/Users/sultanbhatia/.rvm/rubies/ruby-1.8.7-p249/lib/ruby/1.8/webrick/httpserver.rb:65:in `run'
/Users/sultanbhatia/.rvm/rubies/ruby-1.8.7-p249/lib/ruby/1.8/webrick/server.rb:173:in `start_thread'
/Users/sultanbhatia/.rvm/rubies/ruby-1.8.7-p249/lib/ruby/1.8/webrick/server.rb:162:in `start'
/Users/sultanbhatia/.rvm/rubies/ruby-1.8.7-p249/lib/ruby/1.8/webrick/server.rb:162:in `start_thread'
/Users/sultanbhatia/.rvm/rubies/ruby-1.8.7-p249/lib/ruby/1.8/webrick/server.rb:95:in `start'
/Users/sultanbhatia/.rvm/rubies/ruby-1.8.7-p249/lib/ruby/1.8/webrick/server.rb:92:in `each'
/Users/sultanbhatia/.rvm/rubies/ruby-1.8.7-p249/lib/ruby/1.8/webrick/server.rb:92:in `start'
/Users/sultanbhatia/.rvm/rubies/ruby-1.8.7-p249/lib/ruby/1.8/webrick/server.rb:23:in `start'
/Users/sultanbhatia/.rvm/rubies/ruby-1.8.7-p249/lib/ruby/1.8/webrick/server.rb:82:in `start'
/Users/sultanbhatia/.rvm/gems/ruby-1.8.7-p249/gems/rack-1.1.0/lib/rack/handler/webrick.rb:14:in `run'
/Users/sultanbhatia/.rvm/gems/ruby-1.8.7-p249/gems/rails-2.3.8/lib/commands/server.rb:111
/Users/sultanbhatia/.rvm/rubies/ruby-1.8.7-p249/lib/ruby/site_ruby/1.8/rubygems/custom_require.rb:31:in `gem_original_require'
/Users/sultanbhatia/.rvm/rubies/ruby-1.8.7-p249/lib/ruby/site_ruby/1.8/rubygems/custom_require.rb:31:in `require'
script/server:3

ActionView::TemplateError (compile error
/Users/sultanbhatia/data_uploader/app/views/data_uploads/new.html.erb:3: syntax error, unexpected ',', expecting kEND
...loads_path(@upload_template)), :html=>{:multipart=>true} do ...
                              ^
/Users/sultanbhatia/data_uploader/app/views/data_uploads/new.html.erb:3: syntax error, unexpected kDO, expecting kEND
..., :html=>{:multipart=>true} do |f| ; @output_buffer.concat "...
                              ^
/Users/sultanbhatia/data_uploader/app/views/data_uploads/new.html.erb:13: syntax error, unexpected kENSURE, expecting $end) on line #3 of app/views/data_uploads/new.html.erb:
1: <h1>New Template</h1>
2: 
3: <% form_for (@upload_template, :url => data_uploads_path(@upload_template)), :html=>{:multipart=>true} do |f| %>
4:   <%= f.error_messages %>
5:   <%= render :partial => 'upload_form', :object => @upload_template, :locals => {:f => f} %>
6:   <p>

    app/views/data_uploads/new.html.erb:13:in `compile!'
    app/controllers/data_uploads_controller.rb:43:in `new'
    /Users/sultanbhatia/.rvm/rubies/ruby-1.8.7-p249/lib/ruby/1.8/webrick/httpserver.rb:104:in `service'
    /Users/sultanbhatia/.rvm/rubies/ruby-1.8.7-p249/lib/ruby/1.8/webrick/httpserver.rb:65:in `run'
    /Users/sultanbhatia/.rvm/rubies/ruby-1.8.7-p249/lib/ruby/1.8/webrick/server.rb:173:in `start_thread'
    /Users/sultanbhatia/.rvm/rubies/ruby-1.8.7-p249/lib/ruby/1.8/webrick/server.rb:162:in `start'
    /Users/sultanbhatia/.rvm/rubies/ruby-1.8.7-p249/lib/ruby/1.8/webrick/server.rb:162:in `start_thread'
    /Users/sultanbhatia/.rvm/rubies/ruby-1.8.7-p249/lib/ruby/1.8/webrick/server.rb:95:in `start'
    /Users/sultanbhatia/.rvm/rubies/ruby-1.8.7-p249/lib/ruby/1.8/webrick/server.rb:92:in `each'
    /Users/sultanbhatia/.rvm/rubies/ruby-1.8.7-p249/lib/ruby/1.8/webrick/server.rb:92:in `start'
    /Users/sultanbhatia/.rvm/rubies/ruby-1.8.7-p249/lib/ruby/1.8/webrick/server.rb:23:in `start'
    /Users/sultanbhatia/.rvm/rubies/ruby-1.8.7-p249/lib/ruby/1.8/webrick/server.rb:82:in `start'

Rendered rescues/_trace (110.1ms)
Rendered rescues/_request_and_response (1.2ms)
Rendering rescues/layout (internal_server_error)
  [4;35;1mSQL (0.1ms)[0m   [0mSET NAMES 'utf8'[0m
  [4;36;1mSQL (0.1ms)[0m   [0;1mSET SQL_AUTO_IS_NULL=0[0m


Processing DataUploadsController#new (for 127.0.0.1 at 2010-09-07 19:32:22) [GET]
  [4;35;1mUploadTemplate Columns (1.4ms)[0m   [0mSHOW FIELDS FROM `upload_templates`[0m
Rendering template within layouts/application
Rendering data_uploads/new
Rendered data_uploads/_upload_form (2.3ms)
Completed in 26ms (View: 15, DB: 2) | 200 OK [http://localhost/data_uploads/new]
  [4;36;1mSQL (0.1ms)[0m   [0;1mSET NAMES 'utf8'[0m
  [4;35;1mSQL (0.1ms)[0m   [0mSET SQL_AUTO_IS_NULL=0[0m


Processing ApplicationController#index (for 127.0.0.1 at 2010-09-07 19:32:22) [GET]

ActionController::RoutingError (No route matches "/stylesheets/sample.css" with {:method=>:get}):
  /Users/sultanbhatia/.rvm/rubies/ruby-1.8.7-p249/lib/ruby/1.8/webrick/httpserver.rb:104:in `service'
  /Users/sultanbhatia/.rvm/rubies/ruby-1.8.7-p249/lib/ruby/1.8/webrick/httpserver.rb:65:in `run'
  /Users/sultanbhatia/.rvm/rubies/ruby-1.8.7-p249/lib/ruby/1.8/webrick/server.rb:173:in `start_thread'
  /Users/sultanbhatia/.rvm/rubies/ruby-1.8.7-p249/lib/ruby/1.8/webrick/server.rb:162:in `start'
  /Users/sultanbhatia/.rvm/rubies/ruby-1.8.7-p249/lib/ruby/1.8/webrick/server.rb:162:in `start_thread'
  /Users/sultanbhatia/.rvm/rubies/ruby-1.8.7-p249/lib/ruby/1.8/webrick/server.rb:95:in `start'
  /Users/sultanbhatia/.rvm/rubies/ruby-1.8.7-p249/lib/ruby/1.8/webrick/server.rb:92:in `each'
  /Users/sultanbhatia/.rvm/rubies/ruby-1.8.7-p249/lib/ruby/1.8/webrick/server.rb:92:in `start'
  /Users/sultanbhatia/.rvm/rubies/ruby-1.8.7-p249/lib/ruby/1.8/webrick/server.rb:23:in `start'
  /Users/sultanbhatia/.rvm/rubies/ruby-1.8.7-p249/lib/ruby/1.8/webrick/server.rb:82:in `start'

Rendering rescues/layout (not_found)
  [4;36;1mSQL (0.1ms)[0m   [0;1mSET NAMES 'utf8'[0m
  [4;35;1mSQL (0.1ms)[0m   [0mSET SQL_AUTO_IS_NULL=0[0m


Processing DataUploadsController#create to #<uploadtemplate:0x103a67e40> (for 127.0.0.1 at 2010-09-07 19:33:59) [POST]
  Parameters: {"commit"=>"Create", "authenticity_token"=>"KwCD+NMqnb2UZpQRG/RBkXcRTAA3g3L6FUzI5/bRexg=", "upload_template"=>{"name"=>"test 1", "document"=>#<File:/var/folders/uW/uWXbpvtfG10o14--wSx5H++++TI/-Tmp-/RackMultipart20100907-448-xekona-0>, "document_cache"=>""}}
  [4;36;1mUploadTemplate Columns (1.4ms)[0m   [0;1mSHOW FIELDS FROM `upload_templates`[0m
  [4;35;1mSQL (0.2ms)[0m   [0mBEGIN[0m
  [4;36;1mUploadTemplate Load (0.3ms)[0m   [0;1mSELECT `upload_templates`.id FROM `upload_templates` WHERE (`upload_templates`.`name` = BINARY 'test 1') LIMIT 1[0m
  [4;35;1mUploadTemplate Create (0.3ms)[0m   [0mINSERT INTO `upload_templates` (`name`, `created_at`, `no_errors`, `notes`, `updated_at`, `document`, `status`) VALUES('test 1', '2010-09-08 00:33:59', NULL, NULL, '2010-09-08 00:33:59', 'test1.csv', '0')[0m
  [4;36;1mSQL (0.6ms)[0m   [0;1mCOMMIT[0m
  [4;35;1mDataColumn Load (32.5ms)[0m   [0mSELECT * FROM `data_columns` WHERE (`data_columns`.upload_template_id = 1) ORDER BY seq_no[0m
  [4;36;1mDataColumn Columns (1.3ms)[0m   [0;1mSHOW FIELDS FROM `data_columns`[0m
  [4;35;1mSQL (0.2ms)[0m   [0mBEGIN[0m
  [4;36;1mDataColumn Load (0.3ms)[0m   [0;1mSELECT `data_columns`.id FROM `data_columns` WHERE (`data_columns`.`seq_no` = 1 AND `data_columns`.upload_template_id = 1) LIMIT 1[0m
  [4;35;1mDataColumn Create (0.2ms)[0m   [0mINSERT INTO `data_columns` (`app_column`, `created_at`, `data_type_id`, `seq_no`, `updated_at`, `input_column`, `upload_template_id`, `data_type_name`, `data_year`, `app_table`) VALUES('none', '2010-09-08 00:33:59', NULL, 1, '2010-09-08 00:33:59', 'person id number', 1, NULL, NULL, 'none')[0m
  [4;36;1mSQL (0.4ms)[0m   [0;1mCOMMIT[0m
  [4;35;1mSQL (0.1ms)[0m   [0mBEGIN[0m
  [4;36;1mDataColumn Load (0.2ms)[0m   [0;1mSELECT `data_columns`.id FROM `data_columns` WHERE (`data_columns`.`seq_no` = 2 AND `data_columns`.upload_template_id = 1) LIMIT 1[0m
  [4;35;1mDataColumn Create (0.2ms)[0m   [0mINSERT INTO `data_columns` (`app_column`, `created_at`, `data_type_id`, `seq_no`, `updated_at`, `input_column`, `upload_template_id`, `data_type_name`, `data_year`, `app_table`) VALUES('none', '2010-09-08 00:33:59', NULL, 2, '2010-09-08 00:33:59', 'first name', 1, NULL, NULL, 'none')[0m
  [4;36;1mSQL (0.8ms)[0m   [0;1mCOMMIT[0m
  [4;35;1mSQL (0.1ms)[0m   [0mBEGIN[0m
  [4;36;1mDataColumn Load (0.2ms)[0m   [0;1mSELECT `data_columns`.id FROM `data_columns` WHERE (`data_columns`.`seq_no` = 3 AND `data_columns`.upload_template_id = 1) LIMIT 1[0m
  [4;35;1mDataColumn Create (0.2ms)[0m   [0mINSERT INTO `data_columns` (`app_column`, `created_at`, `data_type_id`, `seq_no`, `updated_at`, `input_column`, `upload_template_id`, `data_type_name`, `data_year`, `app_table`) VALUES('none', '2010-09-08 00:33:59', NULL, 3, '2010-09-08 00:33:59', 'last name', 1, NULL, NULL, 'none')[0m
  [4;36;1mSQL (0.5ms)[0m   [0;1mCOMMIT[0m
  [4;35;1mSQL (0.1ms)[0m   [0mBEGIN[0m
  [4;36;1mDataColumn Load (0.2ms)[0m   [0;1mSELECT `data_columns`.id FROM `data_columns` WHERE (`data_columns`.`seq_no` = 4 AND `data_columns`.upload_template_id = 1) LIMIT 1[0m
  [4;35;1mDataColumn Create (0.2ms)[0m   [0mINSERT INTO `data_columns` (`app_column`, `created_at`, `data_type_id`, `seq_no`, `updated_at`, `input_column`, `upload_template_id`, `data_type_name`, `data_year`, `app_table`) VALUES('none', '2010-09-08 00:33:59', NULL, 4, '2010-09-08 00:33:59', 'sex', 1, NULL, NULL, 'none')[0m
  [4;36;1mSQL (0.5ms)[0m   [0;1mCOMMIT[0m
  [4;35;1mSQL (0.1ms)[0m   [0mBEGIN[0m
  [4;36;1mDataColumn Load (0.2ms)[0m   [0;1mSELECT `data_columns`.id FROM `data_columns` WHERE (`data_columns`.`seq_no` = 5 AND `data_columns`.upload_template_id = 1) LIMIT 1[0m
  [4;35;1mDataColumn Create (0.2ms)[0m   [0mINSERT INTO `data_columns` (`app_column`, `created_at`, `data_type_id`, `seq_no`, `updated_at`, `input_column`, `upload_template_id`, `data_type_name`, `data_year`, `app_table`) VALUES('none', '2010-09-08 00:33:59', NULL, 5, '2010-09-08 00:33:59', 'dob', 1, NULL, NULL, 'none')[0m
  [4;36;1mSQL (0.3ms)[0m   [0;1mCOMMIT[0m
  [4;35;1mSQL (0.1ms)[0m   [0mBEGIN[0m
  [4;36;1mDataColumn Load (0.3ms)[0m   [0;1mSELECT `data_columns`.id FROM `data_columns` WHERE (`data_columns`.`seq_no` = 6 AND `data_columns`.upload_template_id = 1) LIMIT 1[0m
  [4;35;1mDataColumn Create (0.2ms)[0m   [0mINSERT INTO `data_columns` (`app_column`, `created_at`, `data_type_id`, `seq_no`, `updated_at`, `input_column`, `upload_template_id`, `data_type_name`, `data_year`, `app_table`) VALUES('none', '2010-09-08 00:33:59', NULL, 6, '2010-09-08 00:33:59', 'home s1', 1, NULL, NULL, 'none')[0m
  [4;36;1mSQL (0.5ms)[0m   [0;1mCOMMIT[0m
  [4;35;1mSQL (0.1ms)[0m   [0mBEGIN[0m
  [4;36;1mDataColumn Load (0.2ms)[0m   [0;1mSELECT `data_columns`.id FROM `data_columns` WHERE (`data_columns`.`seq_no` = 7 AND `data_columns`.upload_template_id = 1) LIMIT 1[0m
  [4;35;1mDataColumn Create (0.2ms)[0m   [0mINSERT INTO `data_columns` (`app_column`, `created_at`, `data_type_id`, `seq_no`, `updated_at`, `input_column`, `upload_template_id`, `data_type_name`, `data_year`, `app_table`) VALUES('none', '2010-09-08 00:33:59', NULL, 7, '2010-09-08 00:33:59', 'home city', 1, NULL, NULL, 'none')[0m
  [4;36;1mSQL (0.5ms)[0m   [0;1mCOMMIT[0m
  [4;35;1mSQL (0.1ms)[0m   [0mBEGIN[0m
  [4;36;1mDataColumn Load (0.2ms)[0m   [0;1mSELECT `data_columns`.id FROM `data_columns` WHERE (`data_columns`.`seq_no` = 8 AND `data_columns`.upload_template_id = 1) LIMIT 1[0m
  [4;35;1mDataColumn Create (0.2ms)[0m   [0mINSERT INTO `data_columns` (`app_column`, `created_at`, `data_type_id`, `seq_no`, `updated_at`, `input_column`, `upload_template_id`, `data_type_name`, `data_year`, `app_table`) VALUES('none', '2010-09-08 00:33:59', NULL, 8, '2010-09-08 00:33:59', 'home state', 1, NULL, NULL, 'none')[0m
  [4;36;1mSQL (0.5ms)[0m   [0;1mCOMMIT[0m
  [4;35;1mSQL (0.1ms)[0m   [0mBEGIN[0m
  [4;36;1mDataColumn Load (0.2ms)[0m   [0;1mSELECT `data_columns`.id FROM `data_columns` WHERE (`data_columns`.`seq_no` = 9 AND `data_columns`.upload_template_id = 1) LIMIT 1[0m
  [4;35;1mDataColumn Create (0.2ms)[0m   [0mINSERT INTO `data_columns` (`app_column`, `created_at`, `data_type_id`, `seq_no`, `updated_at`, `input_column`, `upload_template_id`, `data_type_name`, `data_year`, `app_table`) VALUES('none', '2010-09-08 00:33:59', NULL, 9, '2010-09-08 00:33:59', 'home zip', 1, NULL, NULL, 'none')[0m
  [4;36;1mSQL (0.5ms)[0m   [0;1mCOMMIT[0m
  [4;35;1mSQL (0.1ms)[0m   [0mBEGIN[0m
  [4;36;1mDataColumn Load (0.2ms)[0m   [0;1mSELECT `data_columns`.id FROM `data_columns` WHERE (`data_columns`.`seq_no` = 10 AND `data_columns`.upload_template_id = 1) LIMIT 1[0m
  [4;35;1mDataColumn Create (0.2ms)[0m   [0mINSERT INTO `data_columns` (`app_column`, `created_at`, `data_type_id`, `seq_no`, `updated_at`, `input_column`, `upload_template_id`, `data_type_name`, `data_year`, `app_table`) VALUES('none', '2010-09-08 00:33:59', NULL, 10, '2010-09-08 00:33:59', 'work s1', 1, NULL, NULL, 'none')[0m
  [4;36;1mSQL (0.4ms)[0m   [0;1mCOMMIT[0m
  [4;35;1mSQL (0.1ms)[0m   [0mBEGIN[0m
  [4;36;1mDataColumn Load (0.2ms)[0m   [0;1mSELECT `data_columns`.id FROM `data_columns` WHERE (`data_columns`.`seq_no` = 11 AND `data_columns`.upload_template_id = 1) LIMIT 1[0m
  [4;35;1mDataColumn Create (0.2ms)[0m   [0mINSERT INTO `data_columns` (`app_column`, `created_at`, `data_type_id`, `seq_no`, `updated_at`, `input_column`, `upload_template_id`, `data_type_name`, `data_year`, `app_table`) VALUES('none', '2010-09-08 00:33:59', NULL, 11, '2010-09-08 00:33:59', 'work city', 1, NULL, NULL, 'none')[0m
  [4;36;1mSQL (0.6ms)[0m   [0;1mCOMMIT[0m
  [4;35;1mSQL (0.1ms)[0m   [0mBEGIN[0m
  [4;36;1mDataColumn Load (0.2ms)[0m   [0;1mSELECT `data_columns`.id FROM `data_columns` WHERE (`data_columns`.`seq_no` = 12 AND `data_columns`.upload_template_id = 1) LIMIT 1[0m
  [4;35;1mDataColumn Create (0.2ms)[0m   [0mINSERT INTO `data_columns` (`app_column`, `created_at`, `data_type_id`, `seq_no`, `updated_at`, `input_column`, `upload_template_id`, `data_type_name`, `data_year`, `app_table`) VALUES('none', '2010-09-08 00:33:59', NULL, 12, '2010-09-08 00:33:59', 'work state', 1, NULL, NULL, 'none')[0m
  [4;36;1mSQL (0.5ms)[0m   [0;1mCOMMIT[0m
  [4;35;1mSQL (0.1ms)[0m   [0mBEGIN[0m
  [4;36;1mDataColumn Load (0.2ms)[0m   [0;1mSELECT `data_columns`.id FROM `data_columns` WHERE (`data_columns`.`seq_no` = 13 AND `data_columns`.upload_template_id = 1) LIMIT 1[0m
  [4;35;1mDataColumn Create (0.2ms)[0m   [0mINSERT INTO `data_columns` (`app_column`, `created_at`, `data_type_id`, `seq_no`, `updated_at`, `input_column`, `upload_template_id`, `data_type_name`, `data_year`, `app_table`) VALUES('none', '2010-09-08 00:33:59', NULL, 13, '2010-09-08 00:33:59', 'work zip', 1, NULL, NULL, 'none')[0m
  [4;36;1mSQL (0.5ms)[0m   [0;1mCOMMIT[0m
  [4;35;1mSQL (0.1ms)[0m   [0mBEGIN[0m
  [4;36;1mDataColumn Load (0.2ms)[0m   [0;1mSELECT `data_columns`.id FROM `data_columns` WHERE (`data_columns`.`seq_no` = 14 AND `data_columns`.upload_template_id = 1) LIMIT 1[0m
  [4;35;1mDataColumn Create (0.2ms)[0m   [0mINSERT INTO `data_columns` (`app_column`, `created_at`, `data_type_id`, `seq_no`, `updated_at`, `input_column`, `upload_template_id`, `data_type_name`, `data_year`, `app_table`) VALUES('none', '2010-09-08 00:33:59', NULL, 14, '2010-09-08 00:33:59', 'home #', 1, NULL, NULL, 'none')[0m
  [4;36;1mSQL (0.5ms)[0m   [0;1mCOMMIT[0m
  [4;35;1mSQL (0.1ms)[0m   [0mBEGIN[0m
  [4;36;1mDataColumn Load (0.2ms)[0m   [0;1mSELECT `data_columns`.id FROM `data_columns` WHERE (`data_columns`.`seq_no` = 15 AND `data_columns`.upload_template_id = 1) LIMIT 1[0m
  [4;35;1mDataColumn Create (0.2ms)[0m   [0mINSERT INTO `data_columns` (`app_column`, `created_at`, `data_type_id`, `seq_no`, `updated_at`, `input_column`, `upload_template_id`, `data_type_name`, `data_year`, `app_table`) VALUES('none', '2010-09-08 00:33:59', NULL, 15, '2010-09-08 00:33:59', 'cell #', 1, NULL, NULL, 'none')[0m
  [4;36;1mSQL (0.5ms)[0m   [0;1mCOMMIT[0m
  [4;35;1mSQL (0.1ms)[0m   [0mBEGIN[0m
  [4;36;1mDataColumn Load (0.2ms)[0m   [0;1mSELECT `data_columns`.id FROM `data_columns` WHERE (`data_columns`.`seq_no` = 16 AND `data_columns`.upload_template_id = 1) LIMIT 1[0m
  [4;35;1mDataColumn Create (0.2ms)[0m   [0mINSERT INTO `data_columns` (`app_column`, `created_at`, `data_type_id`, `seq_no`, `updated_at`, `input_column`, `upload_template_id`, `data_type_name`, `data_year`, `app_table`) VALUES('none', '2010-09-08 00:33:59', NULL, 16, '2010-09-08 00:33:59', 'work #', 1, NULL, NULL, 'none')[0m
  [4;36;1mSQL (0.5ms)[0m   [0;1mCOMMIT[0m
  [4;35;1mSQL (0.1ms)[0m   [0mBEGIN[0m
  [4;36;1mDataColumn Load (0.2ms)[0m   [0;1mSELECT `data_columns`.id FROM `data_columns` WHERE (`data_columns`.`seq_no` = 17 AND `data_columns`.upload_template_id = 1) LIMIT 1[0m
  [4;35;1mDataColumn Create (0.2ms)[0m   [0mINSERT INTO `data_columns` (`app_column`, `created_at`, `data_type_id`, `seq_no`, `updated_at`, `input_column`, `upload_template_id`, `data_type_name`, `data_year`, `app_table`) VALUES('none', '2010-09-08 00:33:59', NULL, 17, '2010-09-08 00:33:59', 'email', 1, NULL, NULL, 'none')[0m
  [4;36;1mSQL (0.3ms)[0m   [0;1mCOMMIT[0m
  [4;35;1mSQL (0.1ms)[0m   [0mBEGIN[0m
  [4;36;1mDataColumn Load (0.2ms)[0m   [0;1mSELECT `data_columns`.id FROM `data_columns` WHERE (`data_columns`.`seq_no` = 18 AND `data_columns`.upload_template_id = 1) LIMIT 1[0m
  [4;35;1mDataColumn Create (0.2ms)[0m   [0mINSERT INTO `data_columns` (`app_column`, `created_at`, `data_type_id`, `seq_no`, `updated_at`, `input_column`, `upload_template_id`, `data_type_name`, `data_year`, `app_table`) VALUES('none', '2010-09-08 00:33:59', NULL, 18, '2010-09-08 00:33:59', 'work email', 1, NULL, NULL, 'none')[0m
  [4;36;1mSQL (0.8ms)[0m   [0;1mCOMMIT[0m
Completed in 159ms (View: 1, DB: 55) | 406 Not Acceptable [http://localhost/data_uploads.%23%3Cuploadtemplate:0x103a67e40%3E]
